0513P1 4 [-3.7012162248114535, 0.8382837751885461, 0.0, 8.396822571301215]
0513P2 4 [-3.435248842158177, 1.7042511578418225, 1.616751865490319e-18, 9.564799216666037]
0513P3 4 [-1.1102230253595044e-15, 5.144172141999779, 2.735387461640117e-17, 9.132869564924901]
0513P4 4 [-2.0997943213937744, 3.6397056786062256, 0.17563931619258133, 9.964624370320793]
0513P5 4 [-2.0057278615518372e-22, 5.748426341107699, 0.0, 9.103667552065225]
0513P6 4 [-2.5389413001154835, 3.8005586998845162, 0.5754754703214884, 9.990532576490239]
0513P7 4 [0.0, 6.340045767484955, 2.948169229221107e-23, 8.149196146181819]
0513P8 4 [-3.195846524311096, 3.743653475688904, 0.36406594557885086, 9.978338662163598]
0513P9 4 [-3.025045543875482, 3.914454456124518, 0.46972366765704354, 9.986619959115943]
0513P10 4 [-2.8707101970665745, 3.468789802933425, 0.0, 9.944399068942683]
0513P11 4 [-3.5383397941042545, 4.001160205895745, 1.3082746533096135, 9.99544448007775]
0513P12 4 [-3.4487715037340188, 3.490728496265981, 2.7755575615628914e-17, 9.94522374607275]
0513P13 4 [-4.323745690194364, 3.8157543098056372, 1.688992424575882, 9.973295960891402]
0513P14 4 [-4.242933974356195, 3.296566025643803, 1.9499940915763312, 9.954338224534728]
0513P15 4 [-4.878844956493231, 3.8606550435067692, 2.7189852336230773, 9.847828052166562]
0513P16 4 [-4.914271141582103, 3.225228858417897, 2.07031355877331, 9.939892623288806]
0513P17 4 [-2.365801451962875, 3.9736985480371247, 2.215760537785173, 9.92970334456449]
0513P18 4 [-2.4400079389814415, 3.299492061018558, 1.4327950160469842, 9.990813682974672]
0513P19 4 [-1.3601560369197512, 4.37934396308025, 1.989997455961584, 9.952440982176348]
0513P20 4 [-1.6795311908741282, 3.4599688091258716, 1.8795888970932249, 9.965563083252691]
0513P1 5 [-3.503582615557142, 1.0359173844428575, 2.1715773895281488e-17, 8.20318555288371]
0513P2 5 [-3.643217112051301, 1.4962828879486985, 3.889684552937409e-19, 9.485841851804228]
0513P3 5 [-2.2204460700540636e-16, 5.144996749296373, 2.4793466287350894e-16, 9.11436599567175]
0513P4 5 [-2.0949776454583002, 3.6445223545416994, 0.1677994611558476, 9.964101617268712]
0513P5 5 [-1.110223024766912e-15, 5.749515432110434, 0.0, 9.148635765509491]
0513P6 5 [-2.53541150308921, 3.8040884969107895, 0.5669420000063307, 9.990262877805002]
0513P7 5 [0.0, 6.34011105468426, 5.3614262543336585e-22, 8.149136787852795]
0513P8 5 [-3.1958469255844664, 3.743653074415533, 0.3641273994294587, 9.978344707823915]
0513P9 5 [-3.023661362289448, 3.9158386377105514, 0.589627953693779, 9.991993361067737]
0513P10 5 [-2.86065032482358, 3.4788496751764195, 2.7755575615628914e-17, 9.9450421313732]
0513P11 5 [-3.5451995838272636, 3.9943004161727362, 1.295805396371609, 9.995823536892232]
0513P12 5 [-3.518035324006269, 3.4214646759937306, 0.10103338769993407, 9.961120960647156]
0513P13 5 [-4.311718093508496, 3.8277819064915044, 1.6157714286495994, 9.97881090449998]
0513P14 5 [-4.246254761916111, 3.2932452380838884, 1.9227267817911855, 9.956795459446244]
0513P15 5 [-4.843658885770156, 3.8958411142298446, 2.7688076391700753, 9.841798854309348]
0513P16 5 [-4.914000500576005, 3.2254994994239943, 2.022885461870932, 9.944988681610406]
0513P17 5 [-2.3674616203937218, 3.972038379606278, 2.189797228856252, 9.932595863772857]
0513P18 5 [-2.459089373456013, 3.2804106265439867, 1.8001802750210132, 9.968247143027494]
0513P19 5 [-1.793, 3.9465, 1.0, 10.0]
0513P20 5 [-1.706125847284215, 3.4333741527157846, 1.8207315943518785, 9.969945158497609]
0513P1 6 [-1.3638495306519909, 3.1756504693480085, 1.1102230246251565e-16, 9.931974247012109]
0513P2 6 [-3.652828051990829, 1.48667194800917, 0.0, 9.483864479669693]
0513P3 6 [0.0, 5.145783017808534, 5.071885330937057e-16, 9.18861558487501]
0513P4 6 [-2.1011248472904103, 3.63837515270959, 0.17376187621772815, 9.964467958995732]
0513P5 6 [-4.937286249344237e-25, 5.748025465098412, 3.9368877848464944e-16, 9.10988322921285]
0513P6 6 [-2.525992933323095, 3.813507066676905, 0.6044373604898532, 9.99183791347566]
0513P7 6 [0.0, 6.340311761719836, 3.8008050021319677e-16, 8.375363464429753]
0513P8 6 [-3.1949580131750746, 3.7445419868249252, 0.3732889487334984, 9.978902202552556]
0513P9 6 [-3.025250198287655, 3.914249801712345, 0.5916496171940197, 9.992081887732006]
0513P10 6 [-2.8639287213489215, 3.4755712786510777, 0.0, 9.945113301012546]
0513P11 11
0513P12 6 [-3.6873505365049697, 3.25214946349503, 1.5712992371132366, 9.982205164471157]
0513P13 6 [-4.304343819410007, 3.8351561805899936, 1.5990282357234922, 9.98010824934812]
0513P14 14
0513P15 6 [-4.916415384104705, 3.8230846158952962, 2.1618722831816166, 9.929296434726812]
0513P16 16
0513P17 6 [-2.341942624206481, 3.9975573757935186, 2.311477065485956, 9.918391561607542]
0513P18 18
0513P19 6 [-1.793, 3.9465, 1.0, 10.0]
0513P20 20
0513P1 1
0513P2 2
0513P3 7 [0.0, 5.1459324862107785, 8.764891470652703e-25, 9.169849007441377]
0513P4 4
0513P5 7 [0.0, 5.749462746552248, 1.2912678587124896e-22, 9.084095148102264]
0513P6 6
0513P7 7 [0.0, 6.341024876976435, 4.51843093748037e-16, 8.213019459304174]
0513P8 7 [-3.1867222678637073, 3.7527777321362925, 0.378360437845503, 9.97944038169782]
0513P9 7 [-2.996378089975086, 3.9431219100249137, 0.9335892636466557, 9.999789613456906]
0513P10 10
0513P11 11
0513P12 12
0513P13 7 [-4.304404122155965, 3.835095877844034, 1.5989997020895768, 9.98016266297326]
0513P14 14
0513P15 15
0513P16 16
0513P17 7 [-2.3613723177717083, 3.9781276822282914, 2.2318605673250804, 9.927815557262921]
0513P18 18
0513P19 19
0513P20 20
0513P1 1
0513P2 2
0513P3 3
0513P4 4
0513P5 8 [0.0, 5.748666885312702, 1.2575780809532194e-16, 9.057902337152854]
0513P6 6
0513P7 8 [-1.1138356802145833e-22, 6.341406226637686, 0.0, 8.357012973259824]
0513P8 8 [-3.1867266980798545, 3.7527733019201457, 0.3785466188535138, 9.979419510140016]
0513P9 9
0513P10 10
0513P11 11
0513P12 12
0513P13 8 [-4.292009278588385, 3.847490721411614, 1.7288705678039464, 9.971723924127181]
0513P14 14
0513P15 15
0513P16 16
0513P17 17
0513P18 18
0513P19 19
0513P20 20
0513P1 1
0513P2 2
0513P3 3
0513P4 4
0513P5 9 [-4.4408916544114165e-16, 5.747254286801321, 2.0829352293729948e-16, 8.987906008642609]
0513P6 6
0513P7 7
0513P8 9 [-3.163454553128558, 3.776045446871442, 0.457517326808111, 9.984302378997262]
0513P9 9
0513P10 10
0513P11 11
0513P12 12
0513P13 13
0513P14 14
0513P15 15
0513P16 16
0513P17 17
0513P18 18
0513P19 19
0513P20 20
0513P1 1
0513P2 2
0513P3 3
0513P4 4
0513P5 5
0513P6 6
0513P7 7
0513P8 8
0513P9 9
0513P10 10
0513P11 11
0513P12 12
0513P13 13
0513P14 14
0513P15 15
0513P16 16
0513P17 17
0513P18 18
0513P19 19
0513P20 20
0513L1 0 [-3.8865922879433303, 0.6529077120566709, 0.0, 8.433328129943074]
0513L2 0 [-1.3038137871810767, 3.8356862128189233, 5.874057229824008e-24, 9.9201821876524]
0513L3 0 [-1.923930769927309, 3.215569230072691, 0.0, 9.919990382273827]
0513L4 0 [-3.7887766402675025, 1.9507233597324962, 0.0, 9.620400883403956]
0513L5 0 [-6.635129177614385e-23, 5.74402016596736, 1.3014921972198591e-16, 8.452520898187425]
0513L6 0 [-2.604953993316228, 3.7345460066837717, 0.22261094628209419, 9.969542953931528]
0513L7 0 [0.0, 6.340174196871432, 7.569597321645604e-26, 8.26649480039806]
0513L8 0 [-3.162869113388169, 3.776630886611831, 0.41889785736398377, 9.982198509218652]
0513L9 0 [-3.004781995786515, 3.934718004213485, 0.8012247662456701, 9.998139904794966]
0513L10 0 [-2.993, 3.3465, 1.0, 10.0]
0513L11 0 [-3.5949010425297967, 3.944598957470203, 1.9987725184400806, 9.95087905837442]
0513L12 0 [-3.5814798785154482, 3.3580201214845515, 0.8204337218138013, 9.998416534970492]
0513L13 0 [-4.217895494495445, 3.921604505504554, 1.7715565686973678, 9.970074215605266]
0513L14 0 [-4.181552155693324, 3.357947844306675, 0.6587927921328841, 9.994201970101587]
0513L15 0 [-4.663805130644408, 4.075694869355592, 1.9809879938847033, 9.954750350033626]
0513L16 0 [-4.774251405364414, 3.365248594635587, 0.5598458697301687, 9.990869692804706]
0513L17 0 [-2.217941883284068, 4.121558116715931, 1.6905554723286649, 9.977444567955882]
0513L18 0 [-2.3651195860963234, 3.374380413903676, 0.46645288101948773, 9.986639668223479]
0513L19 0 [-1.8135126382349773, 3.925987361765023, 0.9229171456177524, 9.999708021960195]
0513L20 0 [-1.123394188749057, 4.016105811250943, 0.0, 9.926475234654454]
0513L1 1 [-3.8126680800685584, 0.7268319199314422, 0.0, 8.306968628592175]
0513L2 1 [-1.305278208970787, 3.834221791029213, 1.110223021849599e-16, 9.92178610819769]
0513L3 1 [-1.9274329703896838, 3.212067029610316, 1.1102230246251565e-16, 9.922613869457841]
0513L4 1 [-3.5972482037669966, 2.1422517962330057, 0.0, 9.69230532896015]
0513L5 1 [-2.403590972251864, 3.335909027748136, 2.0816681721285616e-17, 9.8905100063342]
0513L6 1 [-2.613738593638055, 3.725761406361945, 0.148694366984129, 9.963739123941432]
0513L7 1 [-8.881787647885598e-16, 6.344009187791951, 7.379890858289087e-16, 8.388664803751901]
0513L8 1 [-3.1864679877942965, 3.7530320122057033, 0.32628288024181995, 9.97615272483497]
0513L9 1 [-3.003683301180537, 3.9358166988194627, 0.8381475505114641, 9.99876710730009]
0513L10 1 [-2.993, 3.3465, 1.0, 10.0]
0513L11 1 [-3.5881130054321977, 3.951386994567802, 1.9865246002187475, 9.952381023856107]
0513L12 1 [-3.5839331999744295, 3.3555668000255703, 0.8410029312878393, 9.9987579745521]
0513L13 1 [-4.220125371554325, 3.9193746284456745, 1.6693175643060585, 9.977493794645982]
0513L14 1 [-4.182633540919128, 3.356866459080872, 0.6709805328210023, 9.994533979966842]
0513L15 1 [-4.679011502654815, 4.060488497345184, 1.87831390117891, 9.963836860619237]
<class 'IndexError'> 0513L16 16
0513L17 1 [-2.204765547497627, 4.134734452502373, 1.741794184768127, 9.973998540712266]
0513L18 1 [-2.3539668197706853, 3.3855331802293143, 0.4401818901134753, 9.985247325544258]
0513L19 1 [-1.8107512555403504, 3.928748744459649, 0.9303377312617215, 9.999763983154851]
0513L20 1 [-1.207142979080615, 3.932357020919385, 0.0, 9.933769956607376]
0513L1 2 [-3.6211684686321246, 0.9183315313678762, 0.0, 8.096603001393058]
0513L2 2 [-1.3069364917624955, 3.8325635082375045, 1.1102230246251565e-16, 9.92318612479693]
0513L3 2 [-1.9185510706293591, 3.220948929370641, 0.0, 9.92263994320908]
0513L4 2 [-3.724428786132767, 2.015071213867234, 0.0, 9.649369670265399]
0513L5 2 [-2.4037258091335776, 3.335774190866422, 4.1021588686581504e-22, 9.889132935133135]
<class 'IndexError'> 0513L6 6
0513L7 2 [0.0, 6.343699040017565, 3.5053086527546687e-16, 8.39037313176765]
0513L8 2 [-3.196643625429968, 3.742856374570031, 0.29967397919188987, 9.974157720701092]
0513L9 2 [-3.0036154219280458, 3.935884578071954, 0.8497372556750602, 9.998939277534932]
0513L10 2 [-2.993, 3.3465, 1.0, 10.0]
0513L11 2 [-3.5613012877904144, 3.9781987122095854, 2.1867063295821305, 9.931266112349565]
0513L12 2 [-3.5834497403227608, 3.356050259677239, 0.8372696455054146, 9.998697232783023]
0513L13 2 [-4.217955043064299, 3.921544956935701, 1.71985012638379, 9.973976306228035]
0513L14 2 [-4.182746852949579, 3.356753147050421, 0.6840043702441978, 9.99502876069899]
0513L15 2 [-4.683007289307644, 4.056492710692355, 1.8436781179074702, 9.96661199860668]
<class 'IndexError'> 0513L16 16
0513L17 2 [-2.2074585793736654, 4.132041420626335, 1.7342532914896318, 9.974586242664174]
0513L18 2 [-2.3570940893146273, 3.382405910685372, 0.4659877239799395, 9.986543063312691]
0513L19 2 [-1.8041883091650897, 3.9353116908349097, 0.9549194584459076, 9.999901475115614]
0513L20 2 [-1.5219126324561094, 3.6175873675438903, 0.0, 9.94907889623308]
0513L1 3 [-3.5881122056081978, 0.951387794391803, 0.0, 7.971695125008821]
0513L2 3 [-1.3077337452602837, 3.8317662547397164, 1.1102230246251565e-16, 9.92305977026693]
0513L3 3 [-1.9185092952842944, 3.2209907047157054, 0.0, 9.924745691918494]
0513L4 3 [-3.8196412834535227, 1.919858716546478, 0.0, 9.616970963538966]
0513L5 3 [-2.401686539007117, 3.3378134609928827, 1.9650737317976082e-22, 9.889532019837269]
0513L6 3 [-2.5613352079574474, 3.7781647920425527, 0.44736759931420705, 9.984368486018017]
0513L7 3 [-3.118025785943678e-23, 6.341232704947188, 7.201137288895285e-17, 8.370264242153942]
<class 'IndexError'> 0513L8 8
0513L9 3 [-3.0068090243590153, 3.9326909756409845, 0.8116479814051395, 9.998328054918737]
0513L10 3 [-2.9922666012763193, 3.3472333987236804, 1.0376264586298274, 9.999933649014462]
0513L11 3 [-3.5821594006339934, 3.9573405993660065, 2.0695299509456953, 9.944154556261527]
0513L12 3 [-3.5850562012890124, 3.3544437987109874, 0.8622425937544601, 9.999067219934476]
0513L13 3 [-4.211483575833329, 3.928016424166672, 1.6749321689148786, 9.977251074374486]
0513L14 3 [-4.186821817530117, 3.3526781824698833, 0.8073790640108507, 9.998157433689641]
0513L15 3 [-4.680564320192397, 4.058935679807603, 1.8541752047444022, 9.965750671875865]
0513L16 3 [-4.7792142804187066, 3.3602857195812934, 0.686665212119044, 9.99533432836419]
0513L17 3 [-2.2110668649719085, 4.128433135028091, 1.7344465066752068, 9.974579085313358]
0513L18 3 [-2.355495882793963, 3.3840041172060364, 0.500878307730109, 9.988150502177149]
<class 'IndexError'> 0513L19 19
0513L20 3 [-1.5461862517108858, 3.593313748289114, 0.016642347639609173, 9.952727896274725]
0513L1 4 [-3.592771712824418, 0.9467282871755822, 1.0886043530058135e-17, 8.008127896198516]
0513L2 2
0513L3 4 [-1.923374485254774, 3.2161255147452263, 0.0, 9.924168502071428]
0513L4 4 [-3.7498779667269475, 1.9896220332730525, 8.948395059604972e-19, 9.643171527130319]
0513L5 4 [-2.4015686227532793, 3.3379313772467203, 0.0, 9.889386993427424]
0513L6 4 [-2.605713394837807, 3.7337866051621926, 0.24690213754477255, 9.97130849619745]
0513L7 4 [0.0, 6.3426198557621705, 4.287991032510787e-16, 8.42160427063825]
0513L8 4 [-3.2241211351709604, 3.7153788648290393, 0.1957669602030595, 9.965916653033574]
0513L9 4 [-2.9975490948957226, 3.941950905104277, 0.9537459680664929, 9.999899125572503]
0513L10 4 [-2.9914954063621693, 3.3480045936378304, 1.0516146641119153, 9.99987554936971]
0513L11 4 [-3.571829714597512, 3.967670285402488, 2.0390767988781073, 9.947597630928183]
0513L12 4 [-3.584940265279639, 3.3545597347203606, 0.8596713868108704, 9.999033286258543]
0513L13 4 [-4.211720215784446, 3.9277797842155526, 1.6580668957174696, 9.978363578956857]
0513L14 4 [-4.18662706837215, 3.352872931627849, 0.8302301301344907, 9.99856855443583]
0513L15 4 [-4.687444101750377, 4.052055898249622, 1.848346743651374, 9.966264695207471]
0513L16 4 [-4.782993307675891, 3.3565066923241087, 0.7207085429302046, 9.99629961808478]
0513L17 4 [-2.2296929811521427, 4.109807018847857, 1.6795007042257257, 9.978260072150539]
0513L18 4 [-2.364654029241054, 3.3748459707589458, 0.5226781724773611, 9.989343224040809]
0513L19 4 [-1.793, 3.9465, 1.0, 10.0]
0513L20 4 [-1.543370458310955, 3.5961295416890446, 8.673617379884035e-19, 9.950790109531905]
0513L1 5 [-3.5947199365795353, 0.9447800634204646, 1.71079104755496e-17, 8.00641389270248]
0513L2 5 [-1.2976058988659487, 3.8418941011340517, 0.0, 9.92520155252707]
0513L3 5 [-1.9232923367197918, 3.216207663280208, 0.0, 9.92419968819812]
0513L4 5 [-3.7546591104543663, 1.9848408895456344, 0.0, 9.639856517809028]
0513L5 5
0513L6 5 [-2.596736463715363, 3.7427635362846363, 0.2415035471425554, 9.97102923966732]
0513L7 5 [-7.86142852546181e-24, 6.341272150192706, 3.4064636867710465e-16, 8.379787936150647]
0513L8 5 [-3.2220951757579557, 3.7174048242420437, 0.15458368662895824, 9.9626929835084]
0513L9 9
0513L10 5 [-2.993, 3.3465, 1.0, 10.0]
0513L11 5 [-3.571825421293136, 3.967674578706864, 2.0388217870668526, 9.947486569249113]
0513L12 5 [-3.584941284241456, 3.354558715758544, 0.8596878624062513, 9.99903401715402]
0513L13 13
<class 'IndexError'> 0513L14 14
0513L15 5 [-4.6825508853178865, 4.056949114682114, 1.844755706528303, 9.966543303548828]
0513L16 5 [-4.782008508814622, 3.3574914911853777, 0.728814640323003, 9.996507406086895]
0513L17 5 [-2.2171682882495705, 4.122331711750429, 1.7242988946110445, 9.975357337837641]
0513L18 5 [-2.3583209605477076, 3.381179039452292, 0.5241561832646988, 9.989236096919665]
0513L19 5 [-1.793, 3.9465, 1.0, 10.0]
0513L20 5 [-1.5615759124026827, 3.577924087597317, 0.03028764295782177, 9.954242021248112]
0513L1 6 [-1.3363962269388856, 3.2031037730611143, 0.0, 9.919351231513213]
0513L2 6 [-1.296096217287256, 3.8434037827127443, 1.5999095856928647e-27, 9.925258694640226]
0513L3 6 [-1.9193501212640067, 3.220149878735993, 1.1102230246251565e-16, 9.92635983021218]
0513L4 4
0513L5 5
0513L6 6
0513L7 6 [-5.556484228435035e-25, 6.34157926462887, 2.134901197160707e-16, 8.37858064380039]
0513L8 6 [-3.2088966935940086, 3.730603306405991, 0.1908571012916237, 9.966004026553101]
0513L9 9
0513L10 6 [-2.993, 3.3465, 1.0, 10.0]
0513L11 6 [-3.556674671668248, 3.982825328331752, 0.6431110042606126, 9.993674567983067]
0513L12 6 [-3.587312893266375, 3.352187106733625, 0.8807342127751124, 9.999304429202638]
0513L13 6 [-4.214959520314129, 3.9245404796858705, 1.6184619438025725, 9.980858904541268]
0513L14 6 [-4.193, 3.3465, 1.0, 10.0]
0513L15 6 [-4.689212874725168, 4.050287125274832, 1.803342570922377, 9.969745674640246]
0513L16 6 [-4.785181397470503, 3.3543186025294967, 0.7669110567464619, 9.997430320976255]
0513L17 6 [-2.216618577498889, 4.122881422501111, 1.7164901362462859, 9.975877456304175]
0513L18 6 [-2.3641652517362846, 3.375334748263715, 0.5478276528148861, 9.990358152115638]
0513L19 19
0513L20 6 [-1.5479285996309232e-13, 7.0, 3.499999999986264, 311.0883852542918]
0513L1 7 [-1.3361803314717693, 3.2033196685282306, 1.1102230246251565e-16, 9.919290326644894]
0513L2 7 [-1.2971008477886792, 3.8423991522113203, 1.6113226528255664e-24, 9.926029155226468]
0513L3 7 [-1.9159126701365692, 3.2235873298634306, 1.1102230246251565e-16, 9.925949940490586]
0513L4 4
0513L5 5
0513L6 6
0513L7 7 [-3.94129174943953e-15, 6.347954367921431, 0.0, 8.117251125152547]
0513L8 7 [-3.2602199228196955, 3.6792800771803043, 0.0, 9.945234436955351]
0513L9 9
0513L10 10
0513L11 7 [-3.5567045069169883, 3.9827954930830116, 0.6434080828181785, 9.993681601856567]
0513L12 7 [-3.587314604408249, 3.352185395591751, 0.8807716167799781, 9.999303824014072]
0513L13 7 [-4.21889438520747, 3.9206056147925294, 1.5510980423883356, 9.98472268796926]
0513L14 7 [-4.193, 3.3465, 1.0, 10.0]
0513L15 15
0513L16 7 [-4.786933613879227, 3.352566386120773, 0.8145302353666567, 9.998371241573297]
0513L17 7 [-2.3966218792627543, 3.9428781207372454, 1.9658146430564882, 9.9553284518491]
0513L18 7 [-1.9355066864526427, 3.8039933135473567, 2.834649496583061, 9.849450332864151]
0513L19 19
0513L20 20
0513L1 8 [-3.742418267930904, 0.7970817320690984, 0.0, 6.413302470947018]
0513L2 2
0513L3 8 [-1.915781071594099, 3.2237189284059005, 0.0, 9.925942908466585]
0513L4 4
0513L5 5
0513L6 6
0513L7 7
0513L8 8
0513L9 9
0513L10 10
0513L11 11
0513L12 8 [-3.5859207128821367, 3.353579287117863, 0.8557606488432326, 9.998983748349143]
0513L13 8 [-4.223439289778164, 3.916060710221836, 1.4512956829213077, 9.989666714864779]
0513L14 8 [-4.193, 3.3465, 1.0, 10.0]
0513L15 15
0513L16 16
0513L17 17
0513L18 18
0513L19 19
0513L20 20
0513L1 9 [-1.3363304269149743, 3.2031695730850256, 0.0, 9.919405566244176]
0513L2 2
0513L3 9 [-1.9161084257282552, 3.2233915742717447, 0.0, 9.926033325261352]
0513L4 4
0513L5 5
0513L6 6
0513L7 7
0513L8 8
0513L9 9
0513L10 10
0513L11 11
0513L12 9 [-3.573842103637158, 3.365657896362842, 0.6805192227920434, 9.994983901541342]
0513L13 13
0513L14 14
0513L15 15
0513L16 16
0513L17 17
0513L18 18
0513L19 19
0513L20 20
0513L1 1
0513L2 2
0513L3 10 [-3.189495161154127, 1.9500048388458728, 0.0, 9.782654002884046]
0513L4 4
0513L5 5
0513L6 6
0513L7 7
0513L8 8
0513L9 9
0513L10 10
0513L11 11
0513L12 12
0513L13 13
0513L14 14
0513L15 15
0513L16 16
0513L17 17
0513L18 18
0513L19 19
0513L20 20
0611D0 0 [-2.379800316306658, 3.3596996836933415, 1.5449970222983291, 9.986570772071838]
0611D1 0 [-2.670074519491968, 3.3694254805080317, 2.312563405290943, 9.922320093121789]
0611D2 0 [-2.8091389348276183, 3.5303610651723814, 2.5160741458942932, 9.897134246181952]
0611D3 0 [-3.321768615500149, 3.317731384499851, 1.9000565600026804, 9.9612714342777]
0611D4 0 [-3.6148391130340967, 3.324660886965903, 2.2096929835949046, 9.929757237298004]
0611D5 0 [-3.8929378666265917, 3.346562133373408, 2.386556460956626, 9.907045142906338]
0611D6 0 [-4.263340635800122, 3.276159364199878, 1.8955258541480813, 9.960139797547615]
0611D7 0 [-4.575500563848986, 3.263999436151014, 2.1068235891478695, 9.938282020630643]
0611D8 0 [-4.838152231560998, 3.301347768439002, 1.803837557928914, 9.967824284192274]
0611D0 1 [-2.3889509351068874, 3.350549064893112, 1.5163864841764667, 9.988297957051262]
0611D1 1 [-2.6514533796912167, 3.388046620308783, 2.3985282177847846, 9.912225113581508]
0611D2 1 [-2.7826794352172985, 3.556820564782701, 2.5982412414997853, 9.888168045400443]
0611D3 1 [-3.3066497097891467, 3.332850290210853, 1.9869857701864542, 9.95531113363625]
0611D4 1 [-3.6393003073578343, 3.3001996926421655, 2.073872202029199, 9.945539054871515]
0611D5 1 [-3.929679030188548, 3.309820969811452, 2.208724534087688, 9.930021773407955]
0611D6 1 [-4.237389116597135, 3.302110883402865, 1.9789449126805558, 9.953468163030966]
0611D7 1 [-4.580651708172065, 3.2588482918279356, 2.02132328421354, 9.94709943795232]
0611D8 1 [-4.840160101023488, 3.2993398989765117, 1.8238537026327337, 9.966155944331309]
0611D0 2 [-2.366885044255613, 3.3726149557443867, 1.6814421829800539, 9.97976655164357]
0611D1 2 [-2.6289246642788715, 3.4105753357211284, 2.4826768055385022, 9.901661471570417]
0611D2 2 [-2.8087154965778707, 3.530784503422129, 2.554912069400276, 9.89427432617149]
0611D3 2 [-3.298674912151694, 3.340825087848306, 1.9666153978625156, 9.957366192002278]
0611D4 2 [-3.6235841244457414, 3.3159158755542584, 2.179989071466451, 9.93446899677488]
0611D5 2 [-3.9346986731445983, 3.3048013268554013, 2.2486345031610626, 9.924575351046302]
0611D6 2 [-4.251940953780576, 3.2875590462194246, 1.7485676154322123, 9.972358110811307]
0611D7 2 [-4.568594166055341, 3.2709058339446595, 2.1563854850832365, 9.932955337126014]
0611D8 2 [-4.841337135711387, 3.2981628642886127, 1.7879104336154186, 9.968991411763792]
0611D0 3 [-2.3839272481517484, 3.355572751848251, 1.5734384355020508, 9.985610065545917]
0611D1 3 [-2.648934926070322, 3.390565073929678, 2.4206096706079636, 9.90904756494628]
0611D2 3 [-2.778830284686331, 3.5606697153136686, 2.6742941575903014, 9.87744354813134]
0611D3 3 [-3.3206604552116743, 3.3188395447883257, 1.8826924065461992, 9.963888782632077]
0611D4 3 [-3.633065222501269, 3.3064347774987306, 2.1188540400437375, 9.940631306678586]
0611D5 3 [-3.934530807023789, 3.3049691929762104, 2.215498571632379, 9.928934356336242]
0611D6 3 [-4.2326786330688035, 3.3068213669311954, 1.9003118035375557, 9.960694782420012]
0611D7 3 [-4.581602290153524, 3.2578977098464765, 2.0398209133513805, 9.945034241535762]
0611D8 3 [-4.8429964832408405, 3.2965035167591594, 1.582071892424695, 9.98296519778524]
0611D0 4 [-2.372626767151711, 3.3668732328482887, 1.598416890527261, 9.984434832270075]
<class 'IndexError'> 0611D1 1
0611D2 4 [-2.7187717332461725, 3.6207282667538276, 2.879464728369178, 9.845816925030558]
0611D3 4 [-3.3042546953714966, 3.3352453046285033, 1.97735083471836, 9.956268739174748]
<class 'IndexError'> 0611D4 4
0611D5 4 [-3.9434082263492924, 3.2960917736507067, 2.2369480441595115, 9.925765498585339]
<class 'IndexError'> 0611D6 6
<class 'IndexError'> 0611D7 7
0611D8 4 [-4.862087578834661, 3.277412421165338, 1.5267954718617562, 9.985583130826175]
0611D0 5 [-2.3725533785277255, 3.366946621472274, 1.5984681230858018, 9.984369513668486]
0611D1 5 [-2.6358595007516072, 3.4036404992483926, 2.470033962341279, 9.903482171825232]
0611D2 5 [-2.807705569972165, 3.531794430027835, 2.7044257134077236, 9.872264175039916]
0611D3 5 [-3.295721360308005, 3.343778639691995, 2.1196056344285505, 9.942607107748994]
0611D4 5 [-3.618324585837905, 3.3211754141620946, 2.170476759911778, 9.935743848807292]
0611D5 5 [-3.944785001228089, 3.2947149987719104, 2.258759909906338, 9.923066570540582]
0611D6 5 [-4.220814739460285, 3.318685260539716, 1.9722179502521542, 9.954514279779838]
0611D7 5 [-4.5775923507258565, 3.2619076492741437, 1.9875929669906103, 9.949815367753764]
0611D8 5 [-4.86216986690732, 3.277330133092681, 1.5270533161629953, 9.98557726444242]
0611D0 6 [-2.3887979689604757, 3.350702031039524, 1.4984987433408308, 9.989099212052004]
0611D1 6 [-2.6481939092999878, 3.391306090700012, 2.458383210058222, 9.904059861753444]
0611D2 6 [-2.8228696906601414, 3.5166303093398583, 2.7076076030199276, 9.871421731559945]
0611D3 6 [-3.314251252715372, 3.325248747284628, 2.0039580127585923, 9.953432943083575]
0611D4 6 [-3.616878526521812, 3.3226214734781876, 2.1460987985333757, 9.938494050522646]
0611D5 6 [-3.953971676883601, 3.2855283231163988, 2.18960990325599, 9.930861598110193]
0611D6 6 [-4.2277573154215435, 3.3117426845784563, 1.9084094676197272, 9.960202818537823]
0611D7 6 [-4.5490846280737935, 3.2904153719262053, 2.115275370466673, 9.938523582982128]
0611D8 6 [-4.848985261877882, 3.2905147381221185, 1.7650012246017608, 9.970406745577218]
0611D0 7 [-2.38908748065473, 3.3504125193452694, 1.7014364515938727, 9.97822910084298]
0611D1 7 [-2.655791064148843, 3.383708935851157, 2.503336248799083, 9.89748615634938]
0611D2 7 [-2.834148823015797, 3.505351176984203, 2.701751601293258, 9.871871267549412]
0611D3 7 [-3.32351733739646, 3.31598266260354, 1.9691752503617772, 9.956402096511857]
0611D4 7 [-3.613273088899094, 3.326226911100906, 2.112079400878605, 9.942280732856918]
0611D5 7 [-3.9385378339746246, 3.300962166025375, 2.257672372850224, 9.92373141838625]
0611D6 7 [-4.238541343371949, 3.30095865662805, 1.9089253344002135, 9.960006626224251]
0611D7 7 [-4.549622570974685, 3.289877429025315, 2.115013315383115, 9.937775914352105]
0611D8 7 [-4.848833271874856, 3.2906667281251436, 1.7636916501810467, 9.970667571360599]
0611D0 8 [-2.3891004837431957, 3.350399516256804, 1.7014643054675012, 9.97826139370671]
0611D1 8 [-2.6281907143181398, 3.41130928568186, 2.5708205992528694, 9.88856834172747]
0611D2 8 [-2.812740216436619, 3.5267597835633806, 2.7474651581759524, 9.865993715769532]
0611D3 8 [-3.320465365804559, 3.319034634195441, 2.028121970070272, 9.95099373722785]
0611D4 8 [-3.6217984422367624, 3.3177015577632374, 2.0860899567778644, 9.944724515111846]
0611D5 8 [-3.9524902533009794, 3.2870097466990202, 2.2624028075520797, 9.922312946979957]
0611D6 8 [-4.233360022704333, 3.306139977295667, 1.9408276429364126, 9.957226088770224]
0611D7 8 [-4.5493384332293045, 3.2901615667706965, 2.1151402098801855, 9.938422826251262]
0611D8 8 [-4.8494181657186335, 3.2900818342813674, 1.7701435710117193, 9.970338325390935]
0611D0 9 [-2.3890952200212796, 3.35040477997872, 1.7014584593612136, 9.978251975039598]
0611D1 9 [-2.68223345398314, 3.35726654601686, 2.1901938410576585, 9.9341215034782]
0611D2 9 [-2.8523096611928014, 3.487190338807198, 2.6895674021619502, 9.873188402073035]
0611D3 9 [-3.310764229162006, 3.328735770837994, 1.3166495097023476, 9.995443180846397]
0611D4 9 [-3.635404602880292, 3.3040953971197076, 1.3485739890412334, 9.994044378564567]
0611D5 9 [-3.9753967032375037, 3.264103296762496, 1.811747768022209, 9.966674802791886]
0611D6 9 [-4.233172160705316, 3.306327839294682, 1.9016883427808593, 9.960549981003549]
0611D7 9 [-4.582485047833919, 3.2570149521660814, 2.281757274263879, 9.916157739815972]
0611D8 9 [-4.859887739903374, 3.2796122600966267, 1.9379476817595158, 9.95560377246974]
0611D0 10 [-2.389121996828386, 3.3503780031716137, 1.701473701975928, 9.978293156464874]
0611D1 1
0611D2 10 [-10.999999988110401, 1.9321814130304204e-24, 1.2061331929315156e-10, 1258.1630916041522]
0611D3 3
0611D4 4
0611D5 5
0611D6 10 [-4.267009378550912, 3.2724906214490868, 3.139086976859593, 9.752307856779687]
0611D7 10 [-4.582406158342849, 3.257093841657151, 2.281822472557645, 9.91643291703244]
0611D8 10 [-4.85966850401357, 3.2798314959864294, 1.9380745412362574, 9.955505860398334]
0611A0 0 [-2.352735365159106, 3.3867646348408935, 0.01491926520152035, 9.955559132935853]
0611A5 0 [-2.369417086293852, 3.3700829137061477, 0.33187213599048426, 9.979691208945983]
0611A10 0 [-2.3748922345419365, 3.364607765458063, 0.5881363400331115, 9.992570144729823]
0611A15 0 [-2.3846715982322944, 3.3548284017677052, 0.8141897821890826, 9.998415431487146]
0611A20 0 [-2.393, 3.3465, 1.0, 10.0]
0611A25 0 [-2.409284619014715, 3.3302153809852846, 1.4140727183698587, 9.992076340322383]
0611A30 0 [-2.4140611129071603, 3.3254388870928393, 1.7795740649740401, 9.97159581743763]
0611A35 0 [-2.4289925556979672, 3.3105074443020324, 2.1714434987065094, 9.934503854120107]
0611A40 0 [-2.4421616513719084, 3.297338348628091, 2.529171670175584, 9.883881975253523]
0611A45 0 [-2.5296334143007626, 3.209866585699237, 2.6793223679340477, 9.8516032668165]
0611A0 1 [-2.344517042533101, 3.394982957466899, 0.006165600370763798, 9.955631194006877]
0611A5 1 [-2.3665493882394806, 3.372950611760519, 0.2974870161968763, 9.97810679115753]
0611A10 1 [-2.3720399690375658, 3.367460030962434, 0.5615670561790399, 9.991272038218204]
0611A15 1 [-2.3860541903432155, 3.353445809656784, 0.8239559772226079, 9.998634495938699]
0611A20 1 [-2.393, 3.3465, 1.0, 10.0]
0611A25 1 [-2.4104830502396384, 3.329016949760361, 1.4412695307963634, 9.991335719084411]
0611A30 1 [-2.417499281057472, 3.322000718942528, 1.7638946363203873, 9.973709237420168]
0611A35 1 [-2.432698490736938, 3.3068015092630616, 2.1441388851449195, 9.939291049917662]
0611A40 1 [-2.444885324608856, 3.2946146753911436, 2.5181585612520663, 9.890046455894575]
0611A45 1 [-2.513970984873465, 3.2255290151265346, 2.794612531887433, 9.830843993781144]
0611A0 2 [-2.331134325247902, 3.4083656747520976, 0.0, 9.952240318107231]
0611A5 2 [-2.3630846954936757, 3.376415304506324, 0.272836423915895, 9.97645444833812]
0611A10 2 [-2.368879027019045, 3.370620972980955, 0.562135865755234, 9.991576951649291]
0611A15 2 [-2.3869656402259074, 3.352534359774092, 0.8316969622204857, 9.99875546232358]
0611A20 2 [-2.393, 3.3465, 1.0, 10.0]
0611A25 2 [-2.413534760808897, 3.3259652391911025, 1.4074861806656076, 9.992580992488715]
<class 'IndexError'> 0611A30 6
0611A35 2 [-2.4322895080176767, 3.307210491982323, 2.139129599456865, 9.940266982068902]
0611A40 2 [-2.4518238289450447, 3.287676171054955, 2.5299698573956038, 9.887642242557215]
0611A45 2 [-2.511814041235198, 3.2276859587648015, 2.8280754996347977, 9.824408929972472]
0611A0 3 [-2.345134876100781, 3.3943651238992185, 0.0, 9.954495454405748]
0611A5 3 [-2.3597841876136143, 3.3797158123863853, 0.251553574146378, 9.975064237838541]
0611A10 3 [-2.370133173798783, 3.3693668262012166, 0.5741971998280029, 9.99206458113318]
0611A15 3 [-2.387836669938198, 3.3516633300618017, 0.8593291265550599, 9.999130630862263]
0611A20 3 [-2.3949640575205335, 3.344535942479466, 1.0258055411889146, 9.999970324708398]
0611A25 3 [-2.414634845781848, 3.3248651542181515, 1.4131234780830142, 9.992368995271345]
0611A30 3 [-2.424793201199292, 3.314706798800708, 1.757691092216182, 9.974001621794624]
0611A35 3 [-2.427604094949625, 3.3118959050503745, 2.151918679539915, 9.938842586926043]
0611A40 3 [-2.451351209506437, 3.2881487904935627, 2.536490123734088, 9.886254011497893]
0611A45 3 [-2.5205391287535566, 3.218960871246443, 2.8140424869354583, 9.827509385307051]
0611A0 4 [-2.3721132739485937, 3.367386726051406, 0.04366708591527357, 9.95895819022116]
0611A5 4 [-2.3580631174827245, 3.381436882517275, 0.2659253263422153, 9.975996587605286]
0611A10 4 [-2.365562392461975, 3.3739376075380245, 0.5510243251136069, 9.991143653316113]
0611A15 4 [-2.384654465225785, 3.3548455347742148, 0.828483935981007, 9.99870161132425]
0611A20 4 [-2.390224241301112, 3.3492757586988877, 0.956362164063763, 9.999915732441934]
0611A25 4 [-2.4155389048737135, 3.323961095126286, 1.3647637737682892, 9.99402822963768]
0611A30 4 [-2.425043586357689, 3.3144564136423105, 1.7587215563569718, 9.973867065591351]
0611A35 4 [-2.4324118075709533, 3.3070881924290463, 2.147672715322838, 9.939049961141395]
0611A40 4 [-2.4543145378359723, 3.2851854621640273, 2.527240109870947, 9.887663831180944]
0611A45 4 [-2.5426164160008353, 3.1968835839991643, 2.7615061259660316, 9.833837483876012]
0611A0 5 [-2.375932690777299, 3.3635673092227005, 0.07300674745455808, 9.961419485432055]
0611A5 5 [-2.361421592016012, 3.3780784079839874, 0.274858038243457, 9.976547804531013]
0611A10 5 [-2.369368080910309, 3.370131919089691, 0.5290453442090272, 9.990318522788463]
0611A15 5 [-2.3812777507853555, 3.358222249214644, 0.7950240993570213, 9.99814071078201]
0611A20 5 [-2.3962078633155466, 3.343292136684453, 1.0482389123767408, 9.999896846928468]
0611A25 5 [-2.4168957549671948, 3.322604245032805, 1.3681830057356947, 9.993902693396672]
0611A30 5 [-2.429569438120533, 3.3099305618794665, 1.7179491553500421, 9.976524528115288]
0611A35 5 [-2.468555243590397, 3.2709447564096026, 2.059728489777358, 9.94673307528087]
0611A40 5 [-2.4571155621156384, 3.282384437884361, 2.5144975251339385, 9.889303540969808]
0611A45 5 [-2.54824650720319, 3.1912534927968097, 2.778735232876857, 9.827524891489436]
0611A0 6 [-2.374287700489146, 3.3652122995108535, 0.04199358531792744, 9.958924739455682]
0611A5 6 [-2.3603522319290877, 3.379147768070912, 0.26403699792527396, 9.975991247202758]
0611A10 6 [-2.3703890296627734, 3.369110970337226, 0.5430112050214327, 9.990855309338366]
0611A15 6 [-2.3832886742481096, 3.35621132575189, 0.8031656857576922, 9.998289093538322]
0611A20 6 [-2.39562662314264, 3.3438733768573594, 1.0374758212076558, 9.99993746222297]
0611A25 6 [-2.416956495297943, 3.3225435047020566, 1.3479239968844152, 9.994560244560741]
0611A30 6 [-2.430944649876223, 3.3085553501237768, 1.71193749207797, 9.976929893897205]
0611A35 6 [-2.4688316097929937, 3.270668390207006, 1.9825509693227803, 9.954261497905515]
0611A40 6 [-2.4664479922628275, 3.273052007737172, 2.469015226702857, 9.895508231793462]
0611A45 6 [-2.566923512322968, 3.1725764876770315, 2.679942397251918, 9.838047235799522]
0611A0 7 [-2.3572495010014816, 3.382250498998518, 0.0, 9.951049694653731]
0611A5 7 [-2.361840654497657, 3.3776593455023427, 0.2639591676828391, 9.97594953980615]
0611A10 7 [-2.368569829015829, 3.370930170984171, 0.5434572697824975, 9.990896461204024]
0611A15 7 [-2.3848712406418904, 3.3546287593581092, 0.8204970107536206, 9.998576983940932]
0611A20 7 [-2.3954866083368396, 3.34401339166316, 1.0339090536839344, 9.999948890738127]
0611A25 7 [-2.4177924555143906, 3.321707544485609, 1.3421274210676013, 9.994726043202114]
0611A30 7 [-2.4339020551095594, 3.3055979448904402, 1.6918180322528953, 9.97818199474035]
0611A35 7 [-2.447293700440483, 3.2922062995595165, 2.059750577516137, 9.947703776377246]
0611A40 7 [-2.4719242229013774, 3.2675757770986222, 2.462097163459306, 9.896179350814146]
0611A45 7 [-2.5365423281784727, 3.202957671821527, 2.7412316487334984, 9.838503754462058]
0611A0 8 [-2.372161916551539, 3.3673380834484608, 0.05670834939565456, 9.960201307789788]
0611A5 8 [-2.359704179637919, 3.3797958203620806, 0.26012705178748396, 9.975603320972704]
0611A10 8 [-2.363115525838869, 3.3763844741611306, 0.515956568036362, 9.989736857934979]
0611A15 8 [-2.3841645181283706, 3.355335481871629, 0.8091842208485114, 9.99839076527803]
0611A20 8 [-2.395539811687261, 3.343960188312739, 1.0336786011559886, 9.999949414386508]
0611A25 8 [-2.414094887985278, 3.3254051120147214, 1.3342294160394597, 9.994989995547474]
0611A30 8 [-2.4335637058376296, 3.30593629416237, 1.7020005478308957, 9.977486453269215]
0611A35 8 [-2.43958732686071, 3.2999126731392896, 2.1087551882403877, 9.942821712800104]
0611A40 8 [-2.482098811948308, 3.2574011880516918, 2.416762462845333, 9.901408370874844]
0611A45 8 [-2.5373157219739535, 3.202184278026046, 2.749827871917501, 9.829494459282124]
0611A0 9 [-2.3670972857925863, 3.3724027142074133, 0.038985378959514476, 9.958610277386661]
0611A5 9 [-2.3633478202786913, 3.3761521797213083, 0.283143689426545, 9.977183129917812]
0611A10 9 [-2.360387840775727, 3.3791121592242725, 0.4998747042489321, 9.989052478210981]
0611A15 9 [-2.446214288631872, 3.2932857113681275, 1.7478224500556108, 9.974083633204778]
0611A20 9 [-2.3939266962942014, 3.345573303705798, 1.0121709910011925, 9.99999339015053]
0611A25 5
0611A30 9 [-2.4332733972432736, 3.306226602756726, 1.6995884992859631, 9.977723415798783]
0611A35 9 [-2.4479042084594442, 3.2915957915405554, 2.0947186089805583, 9.944098350205788]
0611A40 9 [-2.48548260113283, 3.2540173988671697, 2.391401877449989, 9.904792308636518]
0611A45 9 [-2.547613490337032, 3.1918865096629676, 2.727333931240733, 9.838551696625188]
0611A0 0
0611A5 1
0611A10 2
0611A15 3
0611A20 4
0611A25 5
0611A30 10 [-2.4357837831854137, 3.303716216814586, 1.3409774791864861, 9.994589095470984]
0611A35 10 [-2.3938211369648075, 3.345678863035192, 1.4459117699107547, 9.991264357927463]
0611A40 8
0611A45 9
0611D0 0 [-1.9911682870608733, 3.0088317129391267, 1.3830431373602758, 9.993429161525944]
0611D1 0 [-2.481170435417842, 3.018829564582158, 2.068377581017178, 9.94922575827954]
0611D2 0 [-2.843426683816896, 3.156573316183104, 2.2890061167932703, 9.926558378102248]
0611D3 0 [-3.0210362434703635, 2.9789637565296365, 1.7056535597755178, 9.976601015680268]
0611D4 0 [-3.5177937498610015, 2.9822062501389985, 1.9732056180617552, 9.955254953854999]
0611D5 0 [-4.004394517227407, 2.9956054827725933, 2.134922259899936, 9.938510122607362]
0611D6 0 [-4.052291305881125, 2.9477086941188744, 1.685126020904117, 9.977010981583945]
0611D7 0 [-4.56517295843269, 2.9348270415673112, 1.8632654312788244, 9.963173663880905]
0611D8 0 [-5.034009555153516, 2.9659904448464833, 1.59218673251956, 9.982785024100805]
0611D0 1 [-1.9976460722318108, 3.0023539277681897, 1.3603028700902153, 9.994354266027026]
0611D1 1 [-2.4652409907923096, 3.0347590092076904, 2.146012693209472, 9.941844816783325]
0611D2 1 [-2.8196567917341513, 3.1803432082658487, 2.366419926776146, 9.919335455295965]
0611D3 1 [-3.0086329704823624, 2.9913670295176376, 1.7829436730413288, 9.972327521795144]
0611D4 1 [-3.537156112093703, 2.962843887906297, 1.8441978882455778, 9.966796688102288]
0611D5 1 [-4.033166576475382, 2.9668334235246188, 1.9579674283673505, 9.95652256192101]
0611D6 1 [-4.032280291025143, 2.967719708974858, 1.7662655398819291, 9.97188303460414]
0611D7 1 [-4.5679446717241925, 2.932055328275808, 1.78230091886239, 9.969586655551957]
0611D8 1 [-5.035834901871938, 2.9641650981280625, 1.6113237170142902, 9.98169675069503]
0611D0 2 [-1.9807699862851624, 3.0192300137148376, 1.5030301541069115, 9.989090792328279]
0611D1 2 [-2.4458312515209917, 3.0541687484790083, 2.2215374406473694, 9.934196208949167]
0611D2 2 [-2.843183518610399, 3.156816481389601, 2.3224016846661346, 9.924580592794284]
0611D3 2 [-3.002304429130153, 2.997695570869847, 1.7643961949890712, 9.97375908788718]
0611D4 2 [-3.5249292583310257, 2.9750707416689743, 1.9415536110062277, 9.958841756334877]
0611D5 2 [-4.037812626811984, 2.9621873731880157, 1.9946628950650542, 9.952905788144346]
0611D6 2 [-4.0426987026577965, 2.9573012973422026, 1.5570881492912887, 9.984987449680794]
0611D7 2 [-4.560349838269344, 2.9396501617306563, 1.9113102368003738, 9.959164444441335]
0611D8 2 [-5.036067794066434, 2.9639322059335647, 1.5762900945277112, 9.983727903864477]
0611D0 3 [-1.9939025767020575, 3.006097423297942, 1.410199189611862, 9.992707742355893]
0611D1 3 [-2.4629829929114995, 3.0370170070885005, 2.167967756432769, 9.939569361965175]
0611D2 3 [-2.816291842130556, 3.183708157869444, 2.4328837982846214, 9.911501404606199]
0611D3 3 [-3.020186533441112, 2.979813466558888, 1.6892345714672876, 9.978321408731754]
0611D4 3 [-3.532368115620942, 2.967631884379058, 1.885071783069194, 9.96334935202609]
0611D5 3 [-4.03727519266857, 2.96272480733143, 1.9650959138968676, 9.955904133967486]
0611D6 3 [-4.028604232878076, 2.971395767121924, 1.6994736384435931, 9.976695380596466]
0611D7 3 [-4.568939377181596, 2.9310606228184053, 1.7991580448236069, 9.968179378025992]
0611D8 3 [-5.032149029736114, 2.9678509702638864, 1.3743660745271027, 9.993082503995735]
0611D0 4 [-1.9856947027189564, 3.0143052972810436, 1.4290780868129862, 9.992074009512711]
<class 'IndexError'> 0611D1 4
0611D2 4 [-2.761860054442432, 3.2381399455575677, 2.62386038287177, 9.886542449780581]
0611D3 4 [-3.0067384846023004, 2.9932615153976996, 1.7741419736557138, 9.97299208441022]
<class 'IndexError'> 0611D4 4
0611D5 4 [-4.044706121463044, 2.9552938785369567, 1.9806461928908365, 9.954095276859215]
<class 'IndexError'> 0611D6 4
<class 'IndexError'> 0611D7 4
0611D8 4 [-5.039495061125816, 2.960504938874185, 1.300330682692355, 9.995433835396172]
0611D0 5 [-1.9856455657799348, 3.014354434220065, 1.429105139158783, 9.992038407445682]
0611D1 5 [-2.4518183362890547, 3.0481816637109453, 2.2103719596774947, 9.935460098518433]
0611D2 5 [-2.8423583830135906, 3.1576416169864094, 2.4521390615146155, 9.908621633259296]
0611D3 5 [-2.9989694983044703, 3.0010305016955297, 1.9022529734159286, 9.963316850947344]
0611D4 5 [-3.520517179255352, 2.979482820744648, 1.9347500624624296, 9.959571355697072]
0611D5 5 [-4.046119166683183, 2.9538808333168167, 1.9995531738094552, 9.952261175203542]
0611D6 5 [-4.0191841248514635, 2.9808158751485365, 1.76728492827614, 9.972187519419403]
0611D7 5 [-4.56476565720292, 2.93523434279708, 1.748244906317479, 9.971517632541982]
0611D8 5 [-5.0395134542983975, 2.960486545701603, 1.3003590977897557, 9.99542649156753]
0611D0 6 [-1.9975862279376313, 3.002413772062369, 1.3440481682500847, 9.994853308576392]
0611D1 6 [-2.462376257273895, 3.037623742726105, 2.201500584138073, 9.935973595424795]
0611D2 6 [-2.8559128660557556, 3.1440871339442444, 2.4516688633813626, 9.908479572586986]
0611D3 6 [-3.0147694785080343, 2.9852305214919657, 1.7986037532680843, 9.971034684807274]
0611D4 6 [-3.5192765511951474, 2.9807234488048526, 1.9135235806864679, 9.96144912066404]
0611D5 6 [-4.05260172087032, 2.9473982791296796, 1.933489621341326, 9.958174320672919]
0611D6 6 [-4.024747001622476, 2.9752529983775244, 1.7079102073646146, 9.976271295803251]
0611D7 6 [-4.544555045721858, 2.9554449542781414, 1.8808128434490365, 9.962395455490272]
0611D8 6 [-5.040825811596332, 2.9591741884036677, 1.547336899126904, 9.985056911180543]
0611D0 7 [-1.9971322332703134, 3.0028677667296866, 1.5278230993963289, 9.987807607321926]
0611D1 7 [-2.468646467130728, 3.031353532869272, 2.241510802493768, 9.931294969815442]
0611D2 7 [-2.8659585113715167, 3.1340414886284833, 2.44398293939801, 9.90912059889717]
0611D3 7 [-3.022383403598273, 2.977616596401727, 1.767572722130075, 9.973126061638693]
0611D4 7 [-3.5162842467658284, 2.9837157532341716, 1.884180649228374, 9.96400591445669]
0611D5 7 [-4.041048593024589, 2.9589514069754093, 2.0010926408856498, 9.95242535534558]
0611D6 7 [-4.033097030724837, 2.966902969275164, 1.7029442281053553, 9.976426315495956]
0611D7 7 [-4.544944848498015, 2.9550551515019845, 1.8805452722166294, 9.96174701526676]
0611D8 7 [-5.040577446869004, 2.959422553130996, 1.5449471971633577, 9.985268275350899]
0611D0 8 [-1.997141545563942, 3.0028584544360584, 1.5278317378659594, 9.987823384512684]
0611D1 8 [-2.44485222744599, 3.05514777255401, 2.3028549462002217, 9.924697828424726]
0611D2 8 [-2.846959582775778, 3.1530404172242226, 2.4880689498038864, 9.904187987127045]
0611D3 8 [-3.019682498781965, 2.980317501218035, 1.817805193461682, 9.969430045962064]
0611D4 8 [-3.5231511570073075, 2.9768488429926925, 1.858898407790682, 9.965896806946583]
0611D5 8 [-4.052382193236877, 2.947617806763122, 1.9997307443198995, 9.952142900725322]
0611D6 8 [-4.029068342908619, 2.970931657091382, 1.7327123716111192, 9.974426065296493]
0611D7 8 [-4.544723513109819, 2.955276486890182, 1.8807016784759159, 9.962273892785145]
0611D8 8 [-5.040774555148398, 2.959225444851602, 1.5463622068234373, 9.985131734551507]
0611D0 9 [-1.9971378868178171, 3.0028621131821827, 1.5278300336566975, 9.987818533757192]
0611D1 9 [-2.4916086061593967, 3.0083913938406033, 1.957447153210369, 9.957865793201524]
0611D2 9 [-2.8825409235867885, 3.1174590764132115, 2.4251136021874036, 9.91094278865276]
0611D3 9 [-3.0103794462296385, 2.9896205537703615, 1.1817315815674698, 9.998529104873976]
0611D4 9 [-3.5233965517912567, 2.9766034482087433, 1.1853358289741702, 9.998369018642665]
0611D5 9 [-4.062746009706104, 2.9372539902938946, 1.5691716214152927, 9.983824790045295]
0611D6 9 [-4.029024618931029, 2.9709753810689707, 1.7008354359718956, 9.976612887983443]
0611D7 9 [-4.572941799117211, 2.9270582008827897, 2.02109064853561, 9.947886974385066]
0611D8 9 [-5.051812520724963, 2.948187479275038, 1.700429185012415, 9.975538098202517]
0611D0 10 [-1.9971568592890026, 3.002843140710997, 1.5278326297897198, 9.98784004857556]
0611D1 10
0611D2 10 [-10.999999957172902, 0.0, 9.624157182694309e-11, 1258.1630925502286]
0611D3 10
0611D4 10
0611D5 10
0611D6 10 [-4.058177352484101, 2.9418226475158975, 2.8103702952675724, 9.82635445439164]
0611D7 10 [-4.5728799047933, 2.927120095206699, 2.0211491149137704, 9.948091684529302]
0611D8 10 [-5.051634968881819, 2.948365031118181, 1.6999208838053397, 9.975544554209975]
////////////////
0616R0 0
0616R5 0 [-2.2518815774309084, 3.487618422569091, 0.07285551005293082, 9.960036816944706]
0616R10 0 [-1.6873093938728998, 4.0521906061271, 7.994393605734084e-21, 9.924265502114084]
0616R15 0 [-0.6626444243628001, 5.076855575637201, 1.7179940341054792e-19, 9.799079277804013]
0616R20 0 [-0.7753701344920212, 4.964129865507978, 0.0, 9.81915210813836]
0616R25 0 [-0.043285805758242084, 5.696214194241756, 1.1317908236735517e-19, 9.69531057289189]
0616R30 0 [-0.05144384425997026, 5.688056155740028, 1.316815761284181e-22, 9.702241834126232]
0616R35 0 [-1.1887923547712605e-24, 5.746387168889902, 1.859103020125374e-24, 9.645736515569585]
0616R40 0 [-2.3642675784039485e-18, 5.757416380210174, 2.346458917894357e-26, 9.56076005299724]
0616R45 0 [-5.5511148455700264e-17, 5.768365978250523, 0.0, 9.33298412108817]
0616R0 0
0616R5 1 [-2.2519626434677016, 3.487537356532298, 0.09321650455768768, 9.961677902787542]
0616R10 1 [-1.677707038914198, 4.061792961085802, 1.8766721075215843e-19, 9.92333780962423]
0616R15 1 [-0.5971285542193561, 5.142371445780643, 1.7333849074119524e-19, 9.788796488461925]
0616R20 1 [-0.8278775493350445, 4.9116224506649555, 3.1319554574388004e-19, 9.826032980953608]
0616R25 1 [-0.02820833515516831, 5.71129166484483, 0.0, 9.688283467091932]
0616R30 1 [-0.05432457355644532, 5.685175426443554, 0.0, 9.702637671082762]
0616R35 1 [0.0, 5.749634458275002, 1.7926755456403266e-18, 9.63836030170009]
0616R40 1 [-2.130127099084885e-17, 5.7568398264101095, 0.0, 9.54119554471805]
0616R45 1 [-1.5543121956174132e-15, 5.765256526150872, 9.676965920864165e-16, 9.299333191979779]
0616R0 0
0616R5 2 [-2.2499017144888223, 3.489598285511177, 0.08830349672259494, 9.96136926968378]
0616R10 2 [-1.7109081766863101, 4.028591823313689, 0.0, 9.92664390588819]
0616R15 2 [-0.5397371531800327, 5.199762846819965, 0.0, 9.779625863729388]
0616R20 2 [-0.8299860126455582, 4.909513987354441, 0.0, 9.828042295810999]
0616R25 2 [-0.041688845177563175, 5.697811154822435, 2.3982776261092784e-19, 9.706300304097613]
0616R30 2 [-0.05978787266915515, 5.679712127330845, 0.0, 9.701314878959424]
0616R35 2 [-2.7755572840071353e-17, 5.752057846281404, 0.0, 9.63485907956372]
0616R40 2 [0.0, 5.752560544652005, 2.1684043438868066e-18, 9.5120519070836]
0616R45 2 [-1.8541263090982604e-24, 5.772851478011573, 2.510295311978718e-17, 9.338009368457572]
0616R0 0
0616R5 3 [-2.247810591203478, 3.4916894087965216, 0.08311492757459452, 9.96111445544484]
0616R10 3 [-1.6714000290514657, 4.068099970948534, 1.5217758752682303e-19, 9.922931731054419]
0616R15 3 [-0.5416757883988178, 5.197824211601181, 1.7688007585336151e-19, 9.779470624823784]
0616R20 3 [-0.9617071188693911, 4.777792881130608, 1.5779534160989706e-19, 9.845418952537738]
0616R25 3 [-0.03706080126463584, 5.702439198735364, 0.0, 9.702963648307863]
0616R30 3 [-0.046028103916920256, 5.6934718960830795, 0.0, 9.700937210109855]
0616R35 3 [-2.6233088625796263e-27, 5.745925902606626, 0.0, 9.638698215389665]
0616R40 3 [-2.775557562378417e-17, 5.7464215651463375, 7.589415216165512e-19, 9.541819787972514]
0616R45 3 [-5.551115120350225e-17, 5.7676826478817524, 3.998015181699739e-18, 9.334363035293663]
0616R0 0
0616R5 4 [-2.2532434689183876, 3.486256531081612, 0.10119461085356016, 9.96255832506935]
0616R10 4 [-1.6603644264641493, 4.079135573535851, 3.82269978784846e-19, 9.92160655645858]
0616R15 4 [-0.6848712533177435, 5.054628746682253, 1.7084481644631011e-19, 9.802518094596264]
0616R20 4 [-0.9705393942200018, 4.768960605779996, 0.0, 9.847936073520312]
0616R25 4 [-0.06983074949039683, 5.669669250509602, 0.0, 9.70920949259807]
0616R30 4 [-0.11968881084256416, 5.619811189157436, 0.0, 9.715445787983784]
0616R35 4 [0.0, 5.7477870997017675, 1.4489008933665652e-18, 9.638089551246601]
0616R40 4 [0.0, 5.745355593193845, 2.1684043447541684e-19, 9.557482125697138]
0616R45 4 [-5.634067615361401e-25, 5.770476554103969, 4.38210444563561e-26, 9.305094315745102]
0616R0 0
0616R5 5 [-2.2552658557073633, 3.4842341442926363, 0.10299607238915884, 9.962760296719798]
0616R10 5 [-1.7489397798701833, 3.9905602201298156, 2.3257574184033587e-19, 9.927897685827128]
0616R15 5 [-0.66900902529262, 5.070490974707379, 1.7539176294159449e-19, 9.799593386812791]
0616R20 5 [-0.9130450729525531, 4.826454927047447, 0.0, 9.837620393804219]
0616R25 5 [-0.10077171431457642, 5.638728285685424, 0.0, 9.715319185549395]
0616R30 5 [-0.11242361280043703, 5.627076387199561, 5.171320977124732e-23, 9.71412388933572]
0616R35 5 [-5.0065765326889566e-23, 5.7449799077174255, 1.679174361704835e-24, 9.637450084976741]
0616R40 5 [-5.5511123475682214e-17, 5.749334618046489, 8.131532099920311e-19, 9.552447134193836]
0616R45 5 [0.0, 5.827494107912907, 2.4047189179517713e-16, 9.296157609271123]
0616R0 0
<class 'IndexError'> 0616R5 1
0616R10 6 [-1.7676380402405827, 3.971861959759417, 0.0, 9.930782037664773]
<class 'IndexError'> 0616R15 3
<class 'IndexError'> 0616R20 4
0616R25 6 [-0.03696113458988679, 5.702538865410113, 4.953030747691818e-19, 9.703449118171108]
0616R30 6 [-0.12953300413841656, 5.609966995861583, 1.0301489995986041e-19, 9.71577810310863]
0616R35 6 [0.0, 5.749703201180916, 0.0, 9.63222984320087]
0616R40 6 [-3.4694469518772765e-17, 5.7515026116826, 0.0, 9.582472992677777]
0616R45 6 [-1.3252624029665214e-27, 5.788259508788211, 0.0, 9.31120882472742]
0616R0 0
0616R5 7 [-2.264280771154196, 3.4752192288458037, 0.13446272701695733, 9.964787873988977]
0616R10 7 [-1.8182339490435817, 3.921266050956418, 2.3478040682143196e-20, 9.932999699848203]
0616R15 7 [-0.6957504127237216, 5.043749587276277, 3.482935023930572e-19, 9.80386509766961]
<class 'IndexError'> 0616R20 4
0616R25 7 [-0.11748746099511603, 5.622012539004885, 0.0, 9.719956853711597]
0616R30 7 [-0.12225762534652304, 5.617242374653476, 0.0, 9.71216292151274]
0616R35 7 [-1.3877787807338655e-17, 5.749423447073408, 6.505213038221373e-19, 9.633297557590799]
0616R40 7 [-5.551116176152553e-17, 5.748785842087802, 0.0, 9.58548975692082]
0616R45 7 [0.0, 5.777048494590698, 1.0408340857937671e-17, 9.30578180284206]
0616R0 0
0616R5 8 [-2.2663237316087685, 3.473176268391231, 0.14486698082153984, 9.966135518572262]
0616R10 8 [-1.8092739515579837, 3.930226048442016, 2.883105359716768e-20, 9.933702317072669]
0616R15 8 [-0.7050565787219937, 5.034443421278005, 0.0, 9.805742464619676]
0616R20 8 [-0.9775813647008899, 4.761918635299109, 0.0, 9.849641991170323]
0616R25 8 [-0.16812868956336133, 5.571371310436637, 2.416748323631065e-19, 9.728730288619833]
0616R30 8 [-0.14034031681729062, 5.599159683182709, 0.0, 9.717489440631246]
0616R35 8 [0.0, 5.749450650609446, 0.0, 9.630135689846918]
0616R40 8 [0.0, 5.748127451268581, 2.0558116470454282e-24, 9.584423845699138]
0616R45 8 [-2.2204460481760886e-16, 5.811604525242027, 7.550692095161135e-27, 9.293375340691757]
0616R0 0
0616R5 9 [-2.3448600833201616, 3.394639916679838, 0.7439721926844746, 9.996773194955441]
0616R10 9 [-1.835812057209454, 3.9036879427905453, 0.0, 9.935622368158848]
0616R15 9 [-2.3364294460465933, 3.4030705539534063, 0.4679269816270835, 9.98686582284853]
0616R20 9 [-2.548747276655935, 3.1907527233440645, 1.9616227101907207, 9.948413230534669]
0616R25 9 [-2.31545042890912, 3.4240495710908796, 1.9320284350294936, 9.961453467299615]
0616R30 9 [-2.4855846150403966, 3.253915384959603, 1.386815300266652, 9.991756258305356]
0616R35 9 [-7.164145199240501e-28, 5.749729069532647, 0.0, 9.628327404662382]
0616R40 9 [-9.350219644019426e-23, 5.744699138795672, 2.972811184468951e-23, 9.586256332048471]
0616R45 9 [-6.938894099816902e-18, 5.774196642974188, 1.7844960668885056e-25, 9.283961034358631]
0616R0 0
0616R5 1
0616R10 2
0616R15 3
0616R20 4
0616R25 5
0616R30 6
0616R35 10 [-5.551059611974552e-17, 5.743168033055209, 0.0, 9.632210810199158]
0616R40 8
0616R45 9
2019-06-17 02:31:21.973780
0611A0 0 [-2.310974367591123, 3.4285256324088764, 0.02308107389784994, 9.952813968865009]
0611A5 0 [-2.3498646469145954, 3.389635353085404, 0.3360485915936894, 9.978157099357045]
0611A10 0 [-2.368080641893134, 3.3714193581068654, 0.6031827315671876, 9.991925741929068]
0611A15 0 [-2.393, 3.3465, 1.0, 10.0]
0611A20 0 [-2.393, 3.3465, 1.0, 10.0]
0611A25 0 [-2.393, 3.3465, 1.0, 10.0]
0611A30 0 [-2.3848157404486527, 3.354684259551347, 1.7962860283712516, 9.967038492342176]
0611A35 0 [-2.3583642176707804, 3.381135782329219, 2.2274175203775846, 9.920383929451111]
0611A40 0 [-2.3071454321970535, 3.432354567802946, 2.6524305205789735, 9.852287675268245]
0611A45 0 [-2.3023834986498573, 3.437116501350142, 2.942295296413316, 9.785055846774563]
0611A0 1 [-2.3011171483221537, 3.438382851677846, 0.012936736179064295, 9.951860144433526]
0611A5 1 [-2.3446235049257305, 3.394876495074269, 0.30168757925765033, 9.975912880119177]
0611A10 1 [-2.393, 3.3465, 1.0, 10.0]
0611A15 1 [-2.393, 3.3465, 1.0, 10.0]
0611A20 1 [-2.393, 3.3465, 1.0, 10.0]
0611A25 1 [-2.401244547716058, 3.3382554522839416, 1.4453756473562966, 9.989835341353357]
0611A30 1 [-2.3886669568739447, 3.350833043126055, 1.7777176552437672, 9.968592740374117]
0611A35 1 [-2.363425891919973, 3.3760741080800267, 2.1970448585625166, 9.924125930472643]
0611A40 1 [-2.3105897833846063, 3.4289102166153933, 2.636486575456458, 9.856361847432522]
0611A45 1 [-2.2613917361272704, 3.4781082638727296, 3.0661913756644075, 9.75683253051092]
0611A0 2 [-2.285040246287246, 3.454459753712753, 6.938893903907228e-18, 9.948172135509736]
0611A5 2 [-2.339533948743622, 3.3999660512563774, 0.2772039981499365, 9.974129757394449]
0611A10 2 [-2.3611377541033693, 3.3783622458966303, 0.5777370427019088, 9.990813953013836]
0611A15 2 [-2.393, 3.3465, 1.0, 10.0]
0611A20 2 [-2.393, 3.3465, 1.0, 10.0]
0611A25 2 [-2.4059532986612298, 3.33354670133877, 1.4290649775314708, 9.990918001188021]
<class 'IndexError'> 0611A30 2
0611A35 2 [-2.3641672062837706, 3.375332793716229, 2.1917139482665444, 9.92574663451353]
0611A40 2 [-2.3112169608594044, 3.428283039140595, 2.6529447373279966, 9.851866894750868]
0611A45 2 [-2.2484259344762494, 3.49107406552375, 3.11366804916547, 9.745806925725958]
0611A0 3 [-2.300993120898484, 3.4385068791015154, 0.0, 9.950331872190214]
0611A5 3 [-2.3346560983826943, 3.4048439016173053, 0.25644984874387994, 9.972639795541292]
0611A10 3 [-2.3627273814982757, 3.376772618501724, 0.5885735756831209, 9.991301002579345]
0611A15 3 [-2.393, 3.3465, 1.0, 10.0]
0611A20 3 [-2.393, 3.3465, 1.0, 10.0]
0611A25 3 [-2.4062219049571545, 3.333278095042845, 1.4169216430652818, 9.991034376784578]
0611A30 3 [-2.395470064086455, 3.344029935913545, 1.7715654216389147, 9.96883435257326]
0611A35 3 [-2.358434787521165, 3.3810652124788345, 2.204777158600708, 9.923928693252527]
0611A40 3 [-2.3081352589152773, 3.4313647410847223, 2.657910539079426, 9.849375237647614]
0611A45 3 [-2.263070822611723, 3.4764291773882765, 3.107137925098171, 9.752862082093653]
0611A0 4 [-2.3315115448574195, 3.40798845514258, 0.04652048447933973, 9.955244255953778]
0611A5 4 [-2.333907288763789, 3.4055927112362108, 0.2710037850974821, 9.97367738403454]
0611A10 4 [-2.357684630466612, 3.3818153695333875, 0.5694589246820476, 9.99040417855118]
0611A15 4 [-2.393, 3.3465, 1.0, 10.0]
0611A20 4 [-2.393, 3.3465, 1.0, 10.0]
0611A25 4 [-2.4095091882485464, 3.329990811751453, 1.382995782194548, 9.99271402923547]
0611A30 4 [-2.3956104889993077, 3.343889511000692, 1.7729076673776702, 9.96876253399099]
0611A35 4 [-2.3621679645021914, 3.3773320354978082, 2.201552217711428, 9.923710986285046]
0611A40 4 [-2.312357226913844, 3.4271427730861554, 2.650439317286979, 9.851621197603626]
0611A45 4 [-2.2807084057190474, 3.458791594280952, 3.071345134833725, 9.755840782705269]
0611A0 5 [-2.3375034349194452, 3.4019965650805544, 0.07551150247647802, 9.957907179209077]
0611A5 5 [-2.338133074047328, 3.4013669259526718, 0.2795313499240484, 9.974297034681664]
0611A10 5 [-2.3604985876002957, 3.379001412399704, 0.5482672323902507, 9.989497184575765]
0611A15 5 [-2.393, 3.3465, 1.0, 10.0]
0611A20 5 [-2.393, 3.3465, 1.0, 10.0]
0611A25 5 [-2.4107334944213763, 3.3287665055786233, 1.3863682838892188, 9.992572543605643]
0611A30 5 [-2.4025941648501816, 3.336905835149818, 1.729873989834657, 9.971871317807894]
0611A35 5 [-2.4017511971500776, 3.337748802849922, 2.112883685951962, 9.932392274641732]
0611A40 5 [-2.3167397207165688, 3.422760279283431, 2.6367000873626742, 9.85400568401953]
0611A45 5 [-2.2668614006558783, 3.4726385993441213, 3.116682609808244, 9.739769967995159]
0611A0 6 [-2.3329991155642174, 3.4065008844357823, 0.044481408670513874, 9.955090381369663]
0611A5 6 [-2.3361551539637775, 3.403344846036222, 0.26937801201199524, 9.973680054341646]
0611A10 6 [-2.361950784578893, 3.3775492154211064, 0.5605381967766012, 9.990065649302723]
0611A15 6 [-2.393, 3.3465, 1.0, 10.0]
0611A20 6 [-2.393, 3.3465, 1.0, 10.0]
